#
# A fatal error has been detected by the Java Runtime Environment:
#
#  EXCEPTION_ACCESS_VIOLATION (0xc0000005) at pc=0x000007fedf203618, pid=5224, tid=6860
#
# JRE version: Java(TM) SE Runtime Environment (11.0.2+9) (build 11.0.2+9-LTS)
# Java VM: Java HotSpot(TM) 64-Bit Server VM (11.0.2+9-LTS, mixed mode, tiered, compressed oops, g1 gc, windows-amd64)
# Problematic frame:
# C  [lwjgl_stb.dll+0x33618]
#
# No core dump will be written. Minidumps are not enabled by default on client versions of Windows
#
# If you would like to submit a bug report, please visit:
#   http://bugreport.java.com/bugreport/crash.jsp
# The crash happened outside the Java Virtual Machine in native code.
# See problematic frame for where to report the bug.
#

---------------  S U M M A R Y ------------

Command Line: -javaagent:C:\Program Files\JetBrains\IntelliJ IDEA 2018.3.4\lib\idea_rt.jar=3280:C:\Program Files\JetBrains\IntelliJ IDEA 2018.3.4\bin -Dfile.encoding=UTF-8 Main

Host: AMD A10-4600M APU with Radeon(tm) HD Graphics  , 4 cores, 5G,  Windows 7 , 64 bit Build 7601 (6.1.7601.17932)
Time: Fri Jun 28 00:51:51 2019 Eaeeieia?aaneia a?aiy (ceia) elapsed time: 1 seconds (0d 0h 0m 1s)

---------------  T H R E A D  ---------------

Current thread (0x000000000043e000):  JavaThread "main" [_thread_in_native, id=6860, stack(0x0000000002140000,0x0000000002240000)]

Stack: [0x0000000002140000,0x0000000002240000],  sp=0x000000000223e680,  free space=1017k
Native frames: (J=compiled Java code, j=interpreted, Vv=VM code, C=native code)
C  [lwjgl_stb.dll+0x33618]

Java frames: (J=compiled Java code, j=interpreted, Vv=VM code)
j  org.lwjgl.stb.STBVorbis.nstb_vorbis_open_memory(JIJJ)J+0
j  org.lwjgl.stb.STBVorbis.stb_vorbis_open_memory(Ljava/nio/ByteBuffer;Ljava/nio/IntBuffer;Lorg/lwjgl/stb/STBVorbisAlloc;)J+38
j  Sound.<init>(Ljava/lang/String;)V+91
j  Game.<init>()V+194
j  Main.main([Ljava/lang/String;)V+4
v  ~StubRoutines::call_stub

siginfo: EXCEPTION_ACCESS_VIOLATION (0xc0000005), reading address 0x0000000000000010


Register to memory mapping:

RIP=0x000007fedf203618 lwjgl_stb.dll
RAX=0x0000000000000010 is an unknown value
RBX=0x000000000223eba0 is pointing into the stack for thread: 0x000000000043e000
RCX=0x000000000223eba0 is pointing into the stack for thread: 0x000000000043e000
RDX=0x0 is NULL
RSP=0x000000000223e680 is pointing into the stack for thread: 0x000000000043e000
RBP=0x000000000223ec80 is pointing into the stack for thread: 0x000000000043e000
RSI=0x000000000223eba0 is pointing into the stack for thread: 0x000000000043e000
RDI=0x0000000062818180 points into unknown readable memory: 00 00 00 00 65 78 74 00
R8 =0x0000000000000008 is an unknown value
R9 =0x0 is NULL
R10=0x000000000aa6efa8 is at code_begin+1000 in an Interpreter codelet
method entry point (kind = native)  [0x000000000aa6ebc0, 0x000000000aa6f720]  2912 bytes
R11=0x000000000223eba0 is pointing into the stack for thread: 0x000000000043e000
R12=0x0 is NULL
R13={method} {0x00000000676c55e8} 'nstb_vorbis_open_memory' '(JIJJ)J' in 'org/lwjgl/stb/STBVorbis'
R14=0x00000000000f1466 is an unknown value
R15=0x0 is NULL


Registers:
RAX=0x0000000000000010, RBX=0x000000000223eba0, RCX=0x000000000223eba0, RDX=0x0000000000000000
RSP=0x000000000223e680, RBP=0x000000000223ec80, RSI=0x000000000223eba0, RDI=0x0000000062818180
R8 =0x0000000000000008, R9 =0x0000000000000000, R10=0x000000000aa6efa8, R11=0x000000000223eba0
R12=0x0000000000000000, R13=0x00000000676c55e0, R14=0x00000000000f1466, R15=0x0000000000000000
RIP=0x000007fedf203618, EFLAGS=0x0000000000010297

Top of Stack: (sp=0x000000000223e680)
0x000000000223e680:   00000000acd00150 00000000ad93a208
0x000000000223e690:   000000000223e9b8 000007fee03b71c5
0x000000000223e6a0:   0000000000000010 000007fedf208939
0x000000000223e6b0:   000000000223e902 0000000000000001
0x000000000223e6c0:   000000000223e7b0 000000006183afb0
0x000000000223e6d0:   0000000000000000 0000000000000000
0x000000000223e6e0:   000000000223e7b0 00000000c0000138
0x000000000223e6f0:   0000000000000000 000000000223ea68
0x000000000223e700:   000000000223e7a0 0000000077645628
0x000000000223e710:   00000000622f2ba0 000007fee05955fd
0x000000000223e720:   0000000000000000 0000000000000000
0x000000000223e730:   000000007764af90 00000000003c9d80
0x000000000223e740:   000000007764af90 00000000003c9f80
0x000000000223e750:   00000000003ca4a0 00000000c0000138
0x000000000223e760:   00000000ad93a208 00000000acdbe1e8
0x000000000223e770:   00000000acd00150 000000000223eb50 

Instructions: (pc=0x000007fedf203618)
0x000007fedf2035f8:   cc cc cc cc cc cc cc cc 40 53 48 83 ec 20 48 8b
0x000007fedf203608:   41 28 48 8b d9 48 85 c0 74 30 48 3b 41 38 73 3a
0x000007fedf203618:   0f b6 08 48 ff c0 48 89 43 28 80 f9 4f 75 35 48
0x000007fedf203628:   8b 43 28 48 85 c0 74 3e 48 3b 43 38 73 1c 0f b6 


Stack slot to memory mapping:
stack at sp + 0 slots: 0x00000000acd00150 is an oop: jdk.internal.loader.ClassLoaders$AppClassLoader 
{0x00000000acd00150} - klass: 'jdk/internal/loader/ClassLoaders$AppClassLoader'
stack at sp + 1 slots: 0x00000000ad93a208 is an oop: java.security.ProtectionDomain 
{0x00000000ad93a208} - klass: 'java/security/ProtectionDomain'
stack at sp + 2 slots: 0x000000000223e9b8 is pointing into the stack for thread: 0x000000000043e000
stack at sp + 3 slots: 0x000007fee03b71c5 jvm.dll
stack at sp + 4 slots: 0x0000000000000010 is an unknown value
stack at sp + 5 slots: 0x000007fedf208939 lwjgl_stb.dll
stack at sp + 6 slots: 0x000000000223e902 is pointing into the stack for thread: 0x000000000043e000
stack at sp + 7 slots: 0x0000000000000001 is an unknown value


---------------  P R O C E S S  ---------------

Threads class SMR info:
_java_thread_list=0x0000000061885d40, length=11, elements={
0x000000000043e000, 0x0000000060928800, 0x0000000060932800, 0x0000000060942000,
0x0000000060945000, 0x000000006094c800, 0x0000000060951000, 0x0000000060953800,
0x00000000616fd800, 0x0000000061888800, 0x0000000061889800
}

Java Threads: ( => current thread )
=>0x000000000043e000 JavaThread "main" [_thread_in_native, id=6860, stack(0x0000000002140000,0x0000000002240000)]
  0x0000000060928800 JavaThread "Reference Handler" daemon [_thread_blocked, id=4120, stack(0x0000000060ca0000,0x0000000060da0000)]
  0x0000000060932800 JavaThread "Finalizer" daemon [_thread_blocked, id=5380, stack(0x0000000060ba0000,0x0000000060ca0000)]
  0x0000000060942000 JavaThread "Signal Dispatcher" daemon [_thread_blocked, id=5640, stack(0x0000000060e10000,0x0000000060f10000)]
  0x0000000060945000 JavaThread "Attach Listener" daemon [_thread_blocked, id=6512, stack(0x00000000610f0000,0x00000000611f0000)]
  0x000000006094c800 JavaThread "C2 CompilerThread0" daemon [_thread_blocked, id=6332, stack(0x0000000060f70000,0x0000000061070000)]
  0x0000000060951000 JavaThread "C1 CompilerThread0" daemon [_thread_blocked, id=6104, stack(0x0000000061320000,0x0000000061420000)]
  0x0000000060953800 JavaThread "Sweeper thread" daemon [_thread_blocked, id=7008, stack(0x0000000061520000,0x0000000061620000)]
  0x00000000616fd800 JavaThread "Common-Cleaner" daemon [_thread_blocked, id=6412, stack(0x0000000061af0000,0x0000000061bf0000)]
  0x0000000061888800 JavaThread "Monitor Ctrl-Break" daemon [_thread_in_native, id=1128, stack(0x0000000061df0000,0x0000000061ef0000)]
  0x0000000061889800 JavaThread "Service Thread" daemon [_thread_blocked, id=5872, stack(0x0000000061200000,0x0000000061300000)]

Other Threads:
  0x00000000608e4800 VMThread "VM Thread" [stack: 0x0000000060a50000,0x0000000060b50000] [id=3484]
  0x00000000619ea000 WatcherThread [stack: 0x0000000061f70000,0x0000000062070000] [id=6884]
  0x0000000000456000 GCTaskThread "GC Thread#0" [stack: 0x0000000019c00000,0x0000000019d00000] [id=5644]
  0x0000000066420800 GCTaskThread "GC Thread#1" [stack: 0x0000000067800000,0x0000000067900000] [id=5688]
  0x0000000000479000 ConcurrentGCThread "G1 Main Marker" [stack: 0x000000001d720000,0x000000001d820000] [id=2252]
  0x000000000047a800 ConcurrentGCThread "G1 Conc#0" [stack: 0x000000001d610000,0x000000001d710000] [id=4212]
  0x000000001fc87800 ConcurrentGCThread "G1 Refine#0" [stack: 0x000000001ff20000,0x0000000020020000] [id=5212]
  0x000000001fc89000 ConcurrentGCThread "G1 Young RemSet Sampling" [stack: 0x000000001fd80000,0x000000001fe80000] [id=6344]

Threads with active compile tasks:

VM state:not at safepoint (normal execution)

VM Mutex/Monitor currently owned by a thread: None

Heap address: 0x00000000a8400000, size: 1404 MB, Compressed Oops mode: 32-bit
Narrow klass base: 0x0000000000000000, Narrow klass shift: 0
Compressed class space size: 1073741824 Address: 0x0000000020020000

Heap:
 garbage-first heap   total 90112K, used 6658K [0x00000000a8400000, 0x0000000100000000)
  region size 1024K, 6 young (6144K), 2 survivors (2048K)
 Metaspace       used 12463K, capacity 12665K, committed 12800K, reserved 1060864K
  class space    used 937K, capacity 1012K, committed 1024K, reserved 1048576K
Heap Regions: E=young(eden), S=young(survivor), O=old, HS=humongous(starts), HC=humongous(continues), CS=collection set, F=free, A=archive, TAMS=top-at-mark-start (previous, next)
|   0|0x00000000a8400000, 0x00000000a8480800, 0x00000000a8500000| 50%| O|  |TAMS 0x00000000a8400000, 0x00000000a8400000| Untracked 
|   1|0x00000000a8500000, 0x00000000a8600000, 0x00000000a8600000|100%|HS|  |TAMS 0x00000000a8500000, 0x00000000a8500000| Complete 
|   2|0x00000000a8600000, 0x00000000a8600000, 0x00000000a8700000|  0%| F|  |TAMS 0x00000000a8600000, 0x00000000a8600000| Untracked 
|   3|0x00000000a8700000, 0x00000000a8700000, 0x00000000a8800000|  0%| F|  |TAMS 0x00000000a8700000, 0x00000000a8700000| Untracked 
|   4|0x00000000a8800000, 0x00000000a8800000, 0x00000000a8900000|  0%| F|  |TAMS 0x00000000a8800000, 0x00000000a8800000| Untracked 
|   5|0x00000000a8900000, 0x00000000a8900000, 0x00000000a8a00000|  0%| F|  |TAMS 0x00000000a8900000, 0x00000000a8900000| Untracked 
|   6|0x00000000a8a00000, 0x00000000a8a00000, 0x00000000a8b00000|  0%| F|  |TAMS 0x00000000a8a00000, 0x00000000a8a00000| Untracked 
|   7|0x00000000a8b00000, 0x00000000a8b00000, 0x00000000a8c00000|  0%| F|  |TAMS 0x00000000a8b00000, 0x00000000a8b00000| Untracked 
|   8|0x00000000a8c00000, 0x00000000a8c00000, 0x00000000a8d00000|  0%| F|  |TAMS 0x00000000a8c00000, 0x00000000a8c00000| Untracked 
|   9|0x00000000a8d00000, 0x00000000a8d00000, 0x00000000a8e00000|  0%| F|  |TAMS 0x00000000a8d00000, 0x00000000a8d00000| Untracked 
|  10|0x00000000a8e00000, 0x00000000a8e00000, 0x00000000a8f00000|  0%| F|  |TAMS 0x00000000a8e00000, 0x00000000a8e00000| Untracked 
|  11|0x00000000a8f00000, 0x00000000a8f00000, 0x00000000a9000000|  0%| F|  |TAMS 0x00000000a8f00000, 0x00000000a8f00000| Untracked 
|  12|0x00000000a9000000, 0x00000000a9000000, 0x00000000a9100000|  0%| F|  |TAMS 0x00000000a9000000, 0x00000000a9000000| Untracked 
|  13|0x00000000a9100000, 0x00000000a9100000, 0x00000000a9200000|  0%| F|  |TAMS 0x00000000a9100000, 0x00000000a9100000| Untracked 
|  14|0x00000000a9200000, 0x00000000a9200000, 0x00000000a9300000|  0%| F|  |TAMS 0x00000000a9200000, 0x00000000a9200000| Untracked 
|  15|0x00000000a9300000, 0x00000000a9300000, 0x00000000a9400000|  0%| F|  |TAMS 0x00000000a9300000, 0x00000000a9300000| Untracked 
|  16|0x00000000a9400000, 0x00000000a9400000, 0x00000000a9500000|  0%| F|  |TAMS 0x00000000a9400000, 0x00000000a9400000| Untracked 
|  17|0x00000000a9500000, 0x00000000a9500000, 0x00000000a9600000|  0%| F|  |TAMS 0x00000000a9500000, 0x00000000a9500000| Untracked 
|  18|0x00000000a9600000, 0x00000000a9600000, 0x00000000a9700000|  0%| F|  |TAMS 0x00000000a9600000, 0x00000000a9600000| Untracked 
|  19|0x00000000a9700000, 0x00000000a9700000, 0x00000000a9800000|  0%| F|  |TAMS 0x00000000a9700000, 0x00000000a9700000| Untracked 
|  20|0x00000000a9800000, 0x00000000a9800000, 0x00000000a9900000|  0%| F|  |TAMS 0x00000000a9800000, 0x00000000a9800000| Untracked 
|  21|0x00000000a9900000, 0x00000000a9900000, 0x00000000a9a00000|  0%| F|  |TAMS 0x00000000a9900000, 0x00000000a9900000| Untracked 
|  22|0x00000000a9a00000, 0x00000000a9a00000, 0x00000000a9b00000|  0%| F|  |TAMS 0x00000000a9a00000, 0x00000000a9a00000| Untracked 
|  23|0x00000000a9b00000, 0x00000000a9b00000, 0x00000000a9c00000|  0%| F|  |TAMS 0x00000000a9b00000, 0x00000000a9b00000| Untracked 
|  24|0x00000000a9c00000, 0x00000000a9c00000, 0x00000000a9d00000|  0%| F|  |TAMS 0x00000000a9c00000, 0x00000000a9c00000| Untracked 
|  25|0x00000000a9d00000, 0x00000000a9d00000, 0x00000000a9e00000|  0%| F|  |TAMS 0x00000000a9d00000, 0x00000000a9d00000| Untracked 
|  26|0x00000000a9e00000, 0x00000000a9e00000, 0x00000000a9f00000|  0%| F|  |TAMS 0x00000000a9e00000, 0x00000000a9e00000| Untracked 
|  27|0x00000000a9f00000, 0x00000000a9f00000, 0x00000000aa000000|  0%| F|  |TAMS 0x00000000a9f00000, 0x00000000a9f00000| Untracked 
|  28|0x00000000aa000000, 0x00000000aa000000, 0x00000000aa100000|  0%| F|  |TAMS 0x00000000aa000000, 0x00000000aa000000| Untracked 
|  29|0x00000000aa100000, 0x00000000aa100000, 0x00000000aa200000|  0%| F|  |TAMS 0x00000000aa100000, 0x00000000aa100000| Untracked 
|  30|0x00000000aa200000, 0x00000000aa200000, 0x00000000aa300000|  0%| F|  |TAMS 0x00000000aa200000, 0x00000000aa200000| Untracked 
|  31|0x00000000aa300000, 0x00000000aa300000, 0x00000000aa400000|  0%| F|  |TAMS 0x00000000aa300000, 0x00000000aa300000| Untracked 
|  32|0x00000000aa400000, 0x00000000aa400000, 0x00000000aa500000|  0%| F|  |TAMS 0x00000000aa400000, 0x00000000aa400000| Untracked 
|  33|0x00000000aa500000, 0x00000000aa500000, 0x00000000aa600000|  0%| F|  |TAMS 0x00000000aa500000, 0x00000000aa500000| Untracked 
|  34|0x00000000aa600000, 0x00000000aa600000, 0x00000000aa700000|  0%| F|  |TAMS 0x00000000aa600000, 0x00000000aa600000| Untracked 
|  35|0x00000000aa700000, 0x00000000aa700000, 0x00000000aa800000|  0%| F|  |TAMS 0x00000000aa700000, 0x00000000aa700000| Untracked 
|  36|0x00000000aa800000, 0x00000000aa800000, 0x00000000aa900000|  0%| F|  |TAMS 0x00000000aa800000, 0x00000000aa800000| Untracked 
|  37|0x00000000aa900000, 0x00000000aa900000, 0x00000000aaa00000|  0%| F|  |TAMS 0x00000000aa900000, 0x00000000aa900000| Untracked 
|  38|0x00000000aaa00000, 0x00000000aaa00000, 0x00000000aab00000|  0%| F|  |TAMS 0x00000000aaa00000, 0x00000000aaa00000| Untracked 
|  39|0x00000000aab00000, 0x00000000aab00000, 0x00000000aac00000|  0%| F|  |TAMS 0x00000000aab00000, 0x00000000aab00000| Untracked 
|  40|0x00000000aac00000, 0x00000000aac00000, 0x00000000aad00000|  0%| F|  |TAMS 0x00000000aac00000, 0x00000000aac00000| Untracked 
|  41|0x00000000aad00000, 0x00000000aad00000, 0x00000000aae00000|  0%| F|  |TAMS 0x00000000aad00000, 0x00000000aad00000| Untracked 
|  42|0x00000000aae00000, 0x00000000aae00000, 0x00000000aaf00000|  0%| F|  |TAMS 0x00000000aae00000, 0x00000000aae00000| Untracked 
|  43|0x00000000aaf00000, 0x00000000aaf00000, 0x00000000ab000000|  0%| F|  |TAMS 0x00000000aaf00000, 0x00000000aaf00000| Untracked 
|  44|0x00000000ab000000, 0x00000000ab000000, 0x00000000ab100000|  0%| F|  |TAMS 0x00000000ab000000, 0x00000000ab000000| Untracked 
|  45|0x00000000ab100000, 0x00000000ab100000, 0x00000000ab200000|  0%| F|  |TAMS 0x00000000ab100000, 0x00000000ab100000| Untracked 
|  46|0x00000000ab200000, 0x00000000ab200000, 0x00000000ab300000|  0%| F|  |TAMS 0x00000000ab200000, 0x00000000ab200000| Untracked 
|  47|0x00000000ab300000, 0x00000000ab300000, 0x00000000ab400000|  0%| F|  |TAMS 0x00000000ab300000, 0x00000000ab300000| Untracked 
|  48|0x00000000ab400000, 0x00000000ab400000, 0x00000000ab500000|  0%| F|  |TAMS 0x00000000ab400000, 0x00000000ab400000| Untracked 
|  49|0x00000000ab500000, 0x00000000ab500000, 0x00000000ab600000|  0%| F|  |TAMS 0x00000000ab500000, 0x00000000ab500000| Untracked 
|  50|0x00000000ab600000, 0x00000000ab600000, 0x00000000ab700000|  0%| F|  |TAMS 0x00000000ab600000, 0x00000000ab600000| Untracked 
|  51|0x00000000ab700000, 0x00000000ab700000, 0x00000000ab800000|  0%| F|  |TAMS 0x00000000ab700000, 0x00000000ab700000| Untracked 
|  52|0x00000000ab800000, 0x00000000ab800000, 0x00000000ab900000|  0%| F|  |TAMS 0x00000000ab800000, 0x00000000ab800000| Untracked 
|  53|0x00000000ab900000, 0x00000000ab900000, 0x00000000aba00000|  0%| F|  |TAMS 0x00000000ab900000, 0x00000000ab900000| Untracked 
|  54|0x00000000aba00000, 0x00000000aba00000, 0x00000000abb00000|  0%| F|  |TAMS 0x00000000aba00000, 0x00000000aba00000| Untracked 
|  55|0x00000000abb00000, 0x00000000abb00000, 0x00000000abc00000|  0%| F|  |TAMS 0x00000000abb00000, 0x00000000abb00000| Untracked 
|  56|0x00000000abc00000, 0x00000000abc00000, 0x00000000abd00000|  0%| F|  |TAMS 0x00000000abc00000, 0x00000000abc00000| Untracked 
|  57|0x00000000abd00000, 0x00000000abd00000, 0x00000000abe00000|  0%| F|  |TAMS 0x00000000abd00000, 0x00000000abd00000| Untracked 
|  58|0x00000000abe00000, 0x00000000abe00000, 0x00000000abf00000|  0%| F|  |TAMS 0x00000000abe00000, 0x00000000abe00000| Untracked 
|  59|0x00000000abf00000, 0x00000000abf00000, 0x00000000ac000000|  0%| F|  |TAMS 0x00000000abf00000, 0x00000000abf00000| Untracked 
|  60|0x00000000ac000000, 0x00000000ac000000, 0x00000000ac100000|  0%| F|  |TAMS 0x00000000ac000000, 0x00000000ac000000| Untracked 
|  61|0x00000000ac100000, 0x00000000ac100000, 0x00000000ac200000|  0%| F|  |TAMS 0x00000000ac100000, 0x00000000ac100000| Untracked 
|  62|0x00000000ac200000, 0x00000000ac200000, 0x00000000ac300000|  0%| F|  |TAMS 0x00000000ac200000, 0x00000000ac200000| Untracked 
|  63|0x00000000ac300000, 0x00000000ac300000, 0x00000000ac400000|  0%| F|  |TAMS 0x00000000ac300000, 0x00000000ac300000| Untracked 
|  64|0x00000000ac400000, 0x00000000ac400000, 0x00000000ac500000|  0%| F|  |TAMS 0x00000000ac400000, 0x00000000ac400000| Untracked 
|  65|0x00000000ac500000, 0x00000000ac500000, 0x00000000ac600000|  0%| F|  |TAMS 0x00000000ac500000, 0x00000000ac500000| Untracked 
|  66|0x00000000ac600000, 0x00000000ac600000, 0x00000000ac700000|  0%| F|  |TAMS 0x00000000ac600000, 0x00000000ac600000| Untracked 
|  67|0x00000000ac700000, 0x00000000ac700000, 0x00000000ac800000|  0%| F|  |TAMS 0x00000000ac700000, 0x00000000ac700000| Untracked 
|  68|0x00000000ac800000, 0x00000000ac800000, 0x00000000ac900000|  0%| F|  |TAMS 0x00000000ac800000, 0x00000000ac800000| Untracked 
|  69|0x00000000ac900000, 0x00000000ac900000, 0x00000000aca00000|  0%| F|  |TAMS 0x00000000ac900000, 0x00000000ac900000| Untracked 
|  70|0x00000000aca00000, 0x00000000aca00000, 0x00000000acb00000|  0%| F|  |TAMS 0x00000000aca00000, 0x00000000aca00000| Untracked 
|  71|0x00000000acb00000, 0x00000000acb00000, 0x00000000acc00000|  0%| F|  |TAMS 0x00000000acb00000, 0x00000000acb00000| Untracked 
|  72|0x00000000acc00000, 0x00000000acd00000, 0x00000000acd00000|100%| S|CS|TAMS 0x00000000acc00000, 0x00000000acc00000| Complete 
|  73|0x00000000acd00000, 0x00000000ace00000, 0x00000000ace00000|100%| S|CS|TAMS 0x00000000acd00000, 0x00000000acd00000| Complete 
|  74|0x00000000ace00000, 0x00000000ace00000, 0x00000000acf00000|  0%| F|  |TAMS 0x00000000ace00000, 0x00000000ace00000| Untracked 
|  75|0x00000000acf00000, 0x00000000acf00000, 0x00000000ad000000|  0%| F|  |TAMS 0x00000000acf00000, 0x00000000acf00000| Untracked 
|  76|0x00000000ad000000, 0x00000000ad000000, 0x00000000ad100000|  0%| F|  |TAMS 0x00000000ad000000, 0x00000000ad000000| Untracked 
|  77|0x00000000ad100000, 0x00000000ad100000, 0x00000000ad200000|  0%| F|  |TAMS 0x00000000ad100000, 0x00000000ad100000| Untracked 
|  78|0x00000000ad200000, 0x00000000ad200000, 0x00000000ad300000|  0%| F|  |TAMS 0x00000000ad200000, 0x00000000ad200000| Untracked 
|  79|0x00000000ad300000, 0x00000000ad300000, 0x00000000ad400000|  0%| F|  |TAMS 0x00000000ad300000, 0x00000000ad300000| Untracked 
|  80|0x00000000ad400000, 0x00000000ad400000, 0x00000000ad500000|  0%| F|  |TAMS 0x00000000ad400000, 0x00000000ad400000| Untracked 
|  81|0x00000000ad500000, 0x00000000ad500000, 0x00000000ad600000|  0%| F|  |TAMS 0x00000000ad500000, 0x00000000ad500000| Untracked 
|  82|0x00000000ad600000, 0x00000000ad600000, 0x00000000ad700000|  0%| F|  |TAMS 0x00000000ad600000, 0x00000000ad600000| Untracked 
|  83|0x00000000ad700000, 0x00000000ad700000, 0x00000000ad800000|  0%| F|  |TAMS 0x00000000ad700000, 0x00000000ad700000| Untracked 
|  84|0x00000000ad800000, 0x00000000ad900000, 0x00000000ad900000|100%| E|  |TAMS 0x00000000ad800000, 0x00000000ad800000| Complete 
|  85|0x00000000ad900000, 0x00000000ada00000, 0x00000000ada00000|100%| E|CS|TAMS 0x00000000ad900000, 0x00000000ad900000| Complete 
|  86|0x00000000ada00000, 0x00000000adb00000, 0x00000000adb00000|100%| E|CS|TAMS 0x00000000ada00000, 0x00000000ada00000| Complete 
|  87|0x00000000adb00000, 0x00000000adc00000, 0x00000000adc00000|100%| E|CS|TAMS 0x00000000adb00000, 0x00000000adb00000| Complete 

Card table byte_map: [0x000000001a400000,0x000000001a6c0000] _byte_map_base: 0x0000000019ebe000

Marking Bits (Prev, Next): (CMBitMap*) 0x0000000000472a58, (CMBitMap*) 0x0000000000472a90
 Prev Bits: [0x000000001a980000, 0x000000001bf70000)
 Next Bits: [0x000000001bf70000, 0x000000001d560000)

Polling page: 0x0000000000130000

Metaspace:

Usage:
  Non-class:     11.38 MB capacity,    11.26 MB ( 99%) used,   112.55 KB ( <1%) free+waste,    14.63 KB ( <1%) overhead. 
      Class:   1012.00 KB capacity,   937.44 KB ( 93%) used,    68.81 KB (  7%) free+waste,     5.75 KB ( <1%) overhead. 
       Both:     12.37 MB capacity,    12.17 MB ( 98%) used,   181.36 KB (  1%) free+waste,    20.38 KB ( <1%) overhead. 

Virtual space:
  Non-class space:       12.00 MB reserved,      11.50 MB ( 96%) committed 
      Class space:        1.00 GB reserved,       1.00 MB ( <1%) committed 
             Both:        1.01 GB reserved,      12.50 MB (  1%) committed 

Chunk freelists:
   Non-Class:  15.38 KB
       Class:  1.50 KB
        Both:  16.88 KB

CodeHeap 'non-profiled nmethods': size=120064Kb used=252Kb max_used=252Kb free=119811Kb
 bounds [0x0000000012520000, 0x0000000012790000, 0x0000000019a60000]
CodeHeap 'profiled nmethods': size=120000Kb used=1457Kb max_used=1457Kb free=118542Kb
 bounds [0x000000000aff0000, 0x000000000b260000, 0x0000000012520000]
CodeHeap 'non-nmethods': size=5696Kb used=1431Kb max_used=1441Kb free=4264Kb
 bounds [0x000000000aa60000, 0x000000000acd0000, 0x000000000aff0000]
 total_blobs=1941 nmethods=822 adapters=846
 compilation: enabled
              stopped_count=0, restarted_count=0
 full_count=0

Compilation events (10 events):
Event: 1.429 Thread 0x0000000060951000 nmethod 816 0x000000000b15a090 code [0x000000000b15a240, 0x000000000b15a3b8]
Event: 1.429 Thread 0x0000000060951000  817       3       java.nio.ByteBuffer::flip (7 bytes)
Event: 1.429 Thread 0x0000000060951000 nmethod 817 0x000000000b15a490 code [0x000000000b15a640, 0x000000000b15a818]
Event: 1.430 Thread 0x0000000060951000  818       3       java.util.ArrayList$Itr::next (66 bytes)
Event: 1.430 Thread 0x0000000060951000 nmethod 818 0x000000000b15a910 code [0x000000000b15ab20, 0x000000000b15af50]
Event: 1.430 Thread 0x0000000060951000  819       3       java.util.ArrayList$Itr::checkForComodification (23 bytes)
Event: 1.430 Thread 0x0000000060951000 nmethod 819 0x000000000b15b110 code [0x000000000b15b2e0, 0x000000000b15b510]
Event: 1.432 Thread 0x0000000060951000  820       3       jdk.internal.loader.URLClassPath$JarLoader::findResource (18 bytes)
Event: 1.432 Thread 0x0000000060951000 nmethod 820 0x000000000b15b610 code [0x000000000b15b7e0, 0x000000000b15baa0]
Event: 1.433 Thread 0x0000000060951000  821       3       java.util.zip.InflaterInputStream::read (32 bytes)

GC Heap History (2 events):
Event: 1.239 GC heap before
{Heap before GC invocations=0 (full 0):
 garbage-first heap   total 90112K, used 13312K [0x00000000a8400000, 0x0000000100000000)
  region size 1024K, 14 young (14336K), 0 survivors (0K)
 Metaspace       used 11864K, capacity 12105K, committed 12288K, reserved 1060864K
  class space    used 898K, capacity 974K, committed 1024K, reserved 1048576K
}
Event: 1.248 GC heap after
{Heap after GC invocations=1 (full 0):
 garbage-first heap   total 90112K, used 2562K [0x00000000a8400000, 0x0000000100000000)
  region size 1024K, 2 young (2048K), 2 survivors (2048K)
 Metaspace       used 11864K, capacity 12105K, committed 12288K, reserved 1060864K
  class space    used 898K, capacity 974K, committed 1024K, reserved 1048576K
}

Deoptimization events (2 events):
Event: 0.278 Thread 0x000000000043e000 Uncommon trap: reason=unstable_if action=reinterpret pc=0x000000001252e904 method=java.util.HashMap.putVal(ILjava/lang/Object;Ljava/lang/Object;ZZ)Ljava/lang/Object; @ 181 c2
Event: 0.476 Thread 0x000000000043e000 Uncommon trap: reason=unstable_if action=reinterpret pc=0x0000000012525880 method=java.lang.String.isLatin1()Z @ 10 c2

Classes redefined (0 events):
No events

Internal exceptions (5 events):
Event: 0.396 Thread 0x000000000043e000 Exception <a 'java/lang/NoSuchMethodError'{0x00000000ad762eb0}: java.lang.invoke.DelegatingMethodHandle$Holder.delegate(Ljava/lang/Object;Ljava/lang/Object;ILjava/lang/Object;)V> (0x00000000ad762eb0) thrown at [t:/workspace/open/src/hotspot/share/interpre
Event: 0.399 Thread 0x000000000043e000 Exception <a 'java/lang/NoSuchMethodError'{0x00000000ad76a260}: java.lang.invoke.DirectMethodHandle$Holder.invokeStaticInit(Ljava/lang/Object;Ljava/lang/Object;Ljava/lang/Object;)Ljava/lang/Object;> (0x00000000ad76a260) thrown at [t:/workspace/open/src/ho
Event: 0.906 Thread 0x000000000043e000 Exception <a 'sun/nio/fs/WindowsException'{0x00000000ad59cf98}> (0x00000000ad59cf98) thrown at [t:/workspace/open/src/hotspot/share/prims/jni.cpp, line 615]
Event: 0.907 Thread 0x000000000043e000 Exception <a 'sun/nio/fs/WindowsException'{0x00000000ad59d480}> (0x00000000ad59d480) thrown at [t:/workspace/open/src/hotspot/share/prims/jni.cpp, line 615]
Event: 1.389 Thread 0x000000000043e000 Exception <a 'java/lang/NoSuchMethodError'{0x00000000ada877f0}: java.lang.invoke.DirectMethodHandle$Holder.invokeSpecialIFC(Ljava/lang/Object;Ljava/lang/Object;I)I> (0x00000000ada877f0) thrown at [t:/workspace/open/src/hotspot/share/interpreter/linkResolv

Events (10 events):
Event: 1.408 loading class org/lwjgl/system/Struct
Event: 1.408 loading class org/lwjgl/system/Struct done
Event: 1.410 loading class org/lwjgl/system/Struct$Member
Event: 1.410 loading class org/lwjgl/system/Struct$Member done
Event: 1.410 loading class org/lwjgl/system/Struct$Layout
Event: 1.410 loading class org/lwjgl/system/Struct$Layout done
Event: 1.415 loading class org/lwjgl/stb/STBVorbis
Event: 1.415 loading class org/lwjgl/stb/STBVorbis done
Event: 1.417 loading class org/lwjgl/stb/LibSTB
Event: 1.417 loading class org/lwjgl/stb/LibSTB done


Dynamic libraries:
0x000000013f4c0000 - 0x000000013f507000 	C:\Program Files\Java\jdk-11.0.2\bin\java.exe
0x00000000775f0000 - 0x0000000077799000 	C:\Windows\SYSTEM32\ntdll.dll
0x00000000774d0000 - 0x00000000775ef000 	C:\Windows\system32\kernel32.dll
0x000007fefd680000 - 0x000007fefd6ec000 	C:\Windows\system32\KERNELBASE.dll
0x000007fefefe0000 - 0x000007feff0bb000 	C:\Windows\system32\ADVAPI32.dll
0x000007feff5d0000 - 0x000007feff66f000 	C:\Windows\system32\msvcrt.dll
0x000007fefe7f0000 - 0x000007fefe80f000 	C:\Windows\SYSTEM32\sechost.dll
0x000007fefe9f0000 - 0x000007fefeb1d000 	C:\Windows\system32\RPCRT4.dll
0x00000000773d0000 - 0x00000000774ca000 	C:\Windows\system32\USER32.dll
0x000007fefece0000 - 0x000007fefed47000 	C:\Windows\system32\GDI32.dll
0x000007fefe630000 - 0x000007fefe63e000 	C:\Windows\system32\LPK.dll
0x000007feff500000 - 0x000007feff5c9000 	C:\Windows\system32\USP10.dll
0x000007fefbe40000 - 0x000007fefc034000 	C:\Windows\WinSxS\amd64_microsoft.windows.common-controls_6595b64144ccf1df_6.0.7601.17514_none_fa396087175ac9ac\COMCTL32.dll
0x000007feff670000 - 0x000007feff6e1000 	C:\Windows\system32\SHLWAPI.dll
0x000007fefc4d0000 - 0x000007fefc4dc000 	C:\Windows\system32\VERSION.dll
0x000007fefe720000 - 0x000007fefe74e000 	C:\Windows\system32\IMM32.DLL
0x000007feff3f0000 - 0x000007feff4f9000 	C:\Windows\system32\MSCTF.dll
0x000007fef9f00000 - 0x000007fef9f03000 	C:\Windows\system32\api-ms-win-core-synch-l1-2-0.DLL
0x000007feec100000 - 0x000007feec116000 	C:\Program Files\Java\jdk-11.0.2\bin\vcruntime140.dll
0x000007feed9d0000 - 0x000007feed9d4000 	C:\Program Files\Java\jdk-11.0.2\bin\api-ms-win-crt-runtime-l1-1-0.dll
0x000007fee1df0000 - 0x000007fee1ee6000 	C:\Program Files\Java\jdk-11.0.2\bin\ucrtbase.DLL
0x000007feed9c0000 - 0x000007feed9c3000 	C:\Program Files\Java\jdk-11.0.2\bin\api-ms-win-core-localization-l1-2-0.dll
0x000007feec000000 - 0x000007feec003000 	C:\Program Files\Java\jdk-11.0.2\bin\api-ms-win-core-processthreads-l1-1-1.dll
0x000007feec010000 - 0x000007feec013000 	C:\Program Files\Java\jdk-11.0.2\bin\api-ms-win-core-file-l1-2-0.dll
0x000007feebf30000 - 0x000007feebf33000 	C:\Program Files\Java\jdk-11.0.2\bin\api-ms-win-core-timezone-l1-1-0.dll
0x000007feebff0000 - 0x000007feebff3000 	C:\Program Files\Java\jdk-11.0.2\bin\api-ms-win-core-file-l2-1-0.dll
0x000007fee7370000 - 0x000007fee7374000 	C:\Program Files\Java\jdk-11.0.2\bin\api-ms-win-crt-string-l1-1-0.dll
0x000007feebf20000 - 0x000007feebf23000 	C:\Program Files\Java\jdk-11.0.2\bin\api-ms-win-crt-heap-l1-1-0.dll
0x000007fee72f0000 - 0x000007fee72f4000 	C:\Program Files\Java\jdk-11.0.2\bin\api-ms-win-crt-stdio-l1-1-0.dll
0x000007fee7360000 - 0x000007fee7364000 	C:\Program Files\Java\jdk-11.0.2\bin\api-ms-win-crt-convert-l1-1-0.dll
0x000007fee2b30000 - 0x000007fee2bda000 	C:\Program Files\Java\jdk-11.0.2\bin\msvcp140.dll
0x000007fee6cf0000 - 0x000007fee6cf3000 	C:\Program Files\Java\jdk-11.0.2\bin\api-ms-win-crt-locale-l1-1-0.dll
0x000007fee6d00000 - 0x000007fee6d05000 	C:\Program Files\Java\jdk-11.0.2\bin\api-ms-win-crt-math-l1-1-0.dll
0x000007fee6710000 - 0x000007fee6715000 	C:\Program Files\Java\jdk-11.0.2\bin\api-ms-win-crt-multibyte-l1-1-0.dll
0x000007fee6ce0000 - 0x000007fee6ce3000 	C:\Program Files\Java\jdk-11.0.2\bin\api-ms-win-crt-time-l1-1-0.dll
0x000007fee5980000 - 0x000007fee5983000 	C:\Program Files\Java\jdk-11.0.2\bin\api-ms-win-crt-filesystem-l1-1-0.dll
0x000007fee5990000 - 0x000007fee5993000 	C:\Program Files\Java\jdk-11.0.2\bin\api-ms-win-crt-environment-l1-1-0.dll
0x000007fee4ec0000 - 0x000007fee4ec3000 	C:\Program Files\Java\jdk-11.0.2\bin\api-ms-win-crt-utility-l1-1-0.dll
0x000007fee0060000 - 0x000007fee0b87000 	C:\Program Files\Java\jdk-11.0.2\bin\server\jvm.dll
0x000007fef8e40000 - 0x000007fef8e49000 	C:\Windows\system32\WSOCK32.dll
0x000007fefec90000 - 0x000007fefecdd000 	C:\Windows\system32\WS2_32.dll
0x000007fefd890000 - 0x000007fefd898000 	C:\Windows\system32\NSI.dll
0x000007fefb000000 - 0x000007fefb03b000 	C:\Windows\system32\WINMM.dll
0x00000000777b0000 - 0x00000000777b7000 	C:\Windows\system32\PSAPI.DLL
0x000007feecea0000 - 0x000007feeceb1000 	C:\Program Files\Java\jdk-11.0.2\bin\verify.dll
0x000007fef3e80000 - 0x000007fef3fa5000 	C:\Windows\system32\DBGHELP.DLL
0x000007feec470000 - 0x000007feec499000 	C:\Program Files\Java\jdk-11.0.2\bin\java.dll
0x000007fee2d90000 - 0x000007fee2dbf000 	C:\Program Files\Java\jdk-11.0.2\bin\instrument.dll
0x000007feed830000 - 0x000007feed846000 	C:\Program Files\Java\jdk-11.0.2\bin\zip.dll
0x000007feece90000 - 0x000007feece9a000 	C:\Program Files\Java\jdk-11.0.2\bin\jimage.dll
0x000007fefd8a0000 - 0x000007fefe628000 	C:\Windows\system32\SHELL32.dll
0x000007feff6f0000 - 0x000007feff8f3000 	C:\Windows\system32\ole32.dll
0x000007fefd430000 - 0x000007fefd43f000 	C:\Windows\system32\profapi.dll
0x000007feec5d0000 - 0x000007feec5e9000 	C:\Program Files\Java\jdk-11.0.2\bin\net.dll
0x000007fef2380000 - 0x000007fef23f1000 	C:\Windows\system32\WINHTTP.dll
0x000007fef0310000 - 0x000007fef0374000 	C:\Windows\system32\webio.dll
0x000007fefeb20000 - 0x000007fefec84000 	C:\Windows\system32\urlmon.dll
0x000007fefd670000 - 0x000007fefd674000 	C:\Windows\system32\api-ms-win-downlevel-ole32-l1-1-0.dll
0x000007fefd700000 - 0x000007fefd704000 	C:\Windows\system32\api-ms-win-downlevel-shlwapi-l1-1-0.dll
0x000007fefd5c0000 - 0x000007fefd5c5000 	C:\Windows\system32\api-ms-win-downlevel-advapi32-l1-1-0.dll
0x000007fefd7e0000 - 0x000007fefd7e4000 	C:\Windows\system32\api-ms-win-downlevel-user32-l1-1-0.dll
0x000007fefd6f0000 - 0x000007fefd6f4000 	C:\Windows\system32\api-ms-win-downlevel-version-l1-1-0.dll
0x000007fefd730000 - 0x000007fefd733000 	C:\Windows\system32\api-ms-win-downlevel-normaliz-l1-1-0.dll
0x00000000777c0000 - 0x00000000777c3000 	C:\Windows\system32\normaliz.DLL
0x000007feff0c0000 - 0x000007feff34e000 	C:\Windows\system32\iertutil.dll
0x000007fefedb0000 - 0x000007fefefdc000 	C:\Windows\system32\WININET.dll
0x000007fefd710000 - 0x000007fefd72f000 	C:\Windows\system32\USERENV.dll
0x000007fefcbd0000 - 0x000007fefcc25000 	C:\Windows\system32\mswsock.dll
0x000007fefcbc0000 - 0x000007fefcbc7000 	C:\Windows\System32\wship6.dll
0x000007feec210000 - 0x000007feec223000 	C:\Program Files\Java\jdk-11.0.2\bin\nio.dll
0x000007feedc60000 - 0x000007feedc7a000 	C:\Program Files\JetBrains\IntelliJ IDEA 2018.3.4\bin\breakgen64.dll
0x000007fedf9d0000 - 0x000007fedfa33000 	C:\Users\Admin\AppData\Local\Temp\lwjglAdmin\3.2.1-build-12\lwjgl.dll
0x000007fedfe80000 - 0x000007fedfede000 	C:\Users\Admin\AppData\Local\Temp\lwjglAdmin\3.2.1-build-12\glfw.dll
0x000007fefbc60000 - 0x000007fefbcb6000 	C:\Windows\system32\uxtheme.dll
0x000007fedf2b0000 - 0x000007fedf2ec000 	C:\Windows\system32\dinput8.dll
0x0000000001fd0000 - 0x0000000001fee000 	C:\Windows\system32\xinput1_3.dll
0x000007fefe810000 - 0x000007fefe9e7000 	C:\Windows\system32\SETUPAPI.dll
0x000007fefd7a0000 - 0x000007fefd7d6000 	C:\Windows\system32\CFGMGR32.dll
0x000007fefe640000 - 0x000007fefe717000 	C:\Windows\system32\OLEAUT32.dll
0x000007fefd780000 - 0x000007fefd79a000 	C:\Windows\system32\DEVOBJ.dll
0x000007fefb830000 - 0x000007fefb848000 	C:\Windows\system32\dwmapi.dll
0x0000000001ff0000 - 0x0000000002031000 	C:\Program Files (x86)\ATI Technologies\HydraVision\HydraDMH64.dll
0x000007fefb8a0000 - 0x000007fefb8ab000 	C:\Windows\system32\HID.DLL
0x000007fefd740000 - 0x000007fefd77a000 	C:\Windows\system32\WINTRUST.dll
0x000007fefd450000 - 0x000007fefd5b7000 	C:\Windows\system32\CRYPT32.dll
0x000007fefd440000 - 0x000007fefd44f000 	C:\Windows\system32\MSASN1.dll
0x000007fef2ce0000 - 0x000007fef2dfd000 	C:\Windows\system32\opengl32.dll
0x000007fef2cb0000 - 0x000007fef2cdd000 	C:\Windows\system32\GLU32.dll
0x000007fef2bb0000 - 0x000007fef2ca1000 	C:\Windows\system32\DDRAW.dll
0x000007fef49a0000 - 0x000007fef49a8000 	C:\Windows\system32\DCIMAN32.dll
0x000007feec190000 - 0x000007feec1a8000 	C:\Windows\system32\atig6pxx.dll
0x000007fefa470000 - 0x000007fefa58a000 	C:\Windows\system32\atiadlxx.dll
0x000007fefbcc0000 - 0x000007fefbdec000 	C:\Windows\system32\PROPSYS.dll
0x000007fefc510000 - 0x000007fefc521000 	C:\Windows\system32\WTSAPI32.dll
0x000007fefa440000 - 0x000007fefa467000 	C:\Windows\system32\IPHLPAPI.DLL
0x000007fefa430000 - 0x000007fefa43b000 	C:\Windows\system32\WINNSI.DLL
0x0000000063680000 - 0x0000000064fc7000 	C:\Windows\system32\atio6axx.dll
0x000007fee1610000 - 0x000007fee1749000 	C:\Windows\system32\aticfx64.dll
0x000007fee52a0000 - 0x000007fee52be000 	C:\Windows\system32\atig6txx.dll
0x000007fefd290000 - 0x000007fefd29f000 	C:\Windows\system32\CRYPTBASE.dll
0x000007fedf250000 - 0x000007fedf2a8000 	C:\Users\Admin\AppData\Local\Temp\lwjglAdmin\3.2.1-build-12\lwjgl_opengl.dll
0x000007fed1890000 - 0x000007fed19a4000 	C:\Users\Admin\AppData\Local\Temp\lwjglAdmin\3.2.1-build-12\OpenAL.dll
0x000007fefd7f0000 - 0x000007fefd889000 	C:\Windows\system32\CLBCatQ.DLL
0x000007fefb850000 - 0x000007fefb89b000 	C:\Windows\System32\MMDevApi.dll
0x000007fefaf70000 - 0x000007fefafbf000 	C:\Windows\system32\AUDIOSES.DLL
0x000007fedf1d0000 - 0x000007fedf249000 	C:\Users\Admin\AppData\Local\Temp\lwjglAdmin\3.2.1-build-12\lwjgl_stb.dll

dbghelp: loaded successfully - version: 4.0.5 - missing functions: none
symbol engine: initialized successfully - sym options: 0x614 - pdb path: .;C:\Program Files\Java\jdk-11.0.2\bin;C:\Windows\SYSTEM32;C:\Windows\WinSxS\amd64_microsoft.windows.common-controls_6595b64144ccf1df_6.0.7601.17514_none_fa396087175ac9ac;C:\Program Files\Java\jdk-11.0.2\bin\server;C:\Program Files\JetBrains\IntelliJ IDEA 2018.3.4\bin;C:\Users\Admin\AppData\Local\Temp\lwjglAdmin\3.2.1-build-12;C:\Program Files (x86)\ATI Technologies\HydraVision

VM Arguments:
jvm_args: -javaagent:C:\Program Files\JetBrains\IntelliJ IDEA 2018.3.4\lib\idea_rt.jar=3280:C:\Program Files\JetBrains\IntelliJ IDEA 2018.3.4\bin -Dfile.encoding=UTF-8 
java_command: Main
java_class_path (initial): C:\Users\Admin\IdeaProjects\CopterPro\out\production\cp;Q:\Sdks\lwjgl-3.2.1\lwjgl\lwjgl.jar;Q:\Sdks\lwjgl-3.2.1\lwjgl\lwjgl-javadoc.jar;Q:\Sdks\lwjgl-3.2.1\lwjgl\lwjgl-sources.jar;Q:\Sdks\lwjgl-3.2.1\lwjgl\lwjgl-natives-linux.jar;Q:\Sdks\lwjgl-3.2.1\lwjgl\lwjgl-natives-macos.jar;Q:\Sdks\lwjgl-3.2.1\lwjgl\lwjgl-natives-windows.jar;Q:\Sdks\lwjgl-3.2.1\lwjgl-glfw\lwjgl-glfw.jar;Q:\Sdks\lwjgl-3.2.1\lwjgl-glfw\lwjgl-glfw-javadoc.jar;Q:\Sdks\lwjgl-3.2.1\lwjgl-glfw\lwjgl-glfw-sources.jar;Q:\Sdks\lwjgl-3.2.1\lwjgl-glfw\lwjgl-glfw-natives-linux.jar;Q:\Sdks\lwjgl-3.2.1\lwjgl-glfw\lwjgl-glfw-natives-macos.jar;Q:\Sdks\lwjgl-3.2.1\lwjgl-glfw\lwjgl-glfw-natives-windows.jar;Q:\Sdks\lwjgl-3.2.1\lwjgl-opengl\lwjgl-opengl.jar;Q:\Sdks\lwjgl-3.2.1\lwjgl-opengl\lwjgl-opengl-javadoc.jar;Q:\Sdks\lwjgl-3.2.1\lwjgl-opengl\lwjgl-opengl-sources.jar;Q:\Sdks\lwjgl-3.2.1\lwjgl-opengl\lwjgl-opengl-natives-linux.jar;Q:\Sdks\lwjgl-3.2.1\lwjgl-opengl\lwjgl-opengl-natives-macos.jar;Q:\Sdks\lwjgl-3.2.1\lwjgl-opengl\lwjgl-opengl-natives-windows.jar;Q:\Sdks\lwjgl-3.2.1\lwjgl-openal\lwjgl-openal.jar;Q:\Sdks\lwjgl-3.2.1\lwjgl-openal\lwjgl-openal-javadoc.jar;Q:\Sdks\lwjgl-3.2.1\lwjgl-openal\lwjgl-openal-sources.jar;Q:\Sdks\lwjgl-3.2.1\lwjgl-openal\lwjgl-openal-natives-linux.jar;Q:\Sdks\lwjgl-3.2.1\lwjgl-openal\lwjgl-openal-natives-macos.jar;Q:\Sdks\lwjgl-3.2.1\lwjgl-openal\lwjgl-openal-natives-windows.jar;Q:\Sdks\lwjgl-3.2.1\lwjgl-stb\lwjgl-stb.jar;Q:\Sdks\lwjgl-3.2.1\lwjgl-stb\lwjgl-stb-javadoc.jar;Q:\Sdks\lwjgl-3.2.1\lwjgl-stb\lwjgl-stb-sources.jar;Q:\Sdks\lwjgl-3.2.1\lwjgl-stb\lwjgl-stb-natives-linux.jar;Q:\Sdks\lwjgl-3.2.1\lwjgl-stb\lwjgl-stb-natives-macos.jar;Q:\Sdks\lwjgl-3.2.1\lwjgl-stb\lwjgl-stb-natives-windows.jar
Launcher Type: SUN_STANDARD

[Global flags]
     intx CICompilerCount                          = 3                                         {product} {ergonomic}
     uint ConcGCThreads                            = 1                                         {product} {ergonomic}
     uint G1ConcRefinementThreads                  = 4                                         {product} {ergonomic}
   size_t G1HeapRegionSize                         = 1048576                                   {product} {ergonomic}
    uintx GCDrainStackTargetSize                   = 64                                        {product} {ergonomic}
   size_t InitialHeapSize                          = 92274688                                  {product} {ergonomic}
   size_t MarkStackSize                            = 4194304                                   {product} {ergonomic}
   size_t MaxHeapSize                              = 1472200704                                {product} {ergonomic}
   size_t MaxNewSize                               = 882900992                                 {product} {ergonomic}
   size_t MinHeapDeltaBytes                        = 1048576                                   {product} {ergonomic}
    uintx NonNMethodCodeHeapSize                   = 5830092                                {pd product} {ergonomic}
    uintx NonProfiledCodeHeapSize                  = 122914074                              {pd product} {ergonomic}
    uintx ProfiledCodeHeapSize                     = 122914074                              {pd product} {ergonomic}
    uintx ReservedCodeCacheSize                    = 251658240                              {pd product} {ergonomic}
     bool SegmentedCodeCache                       = true                                      {product} {ergonomic}
     bool UseCompressedClassPointers               = true                                 {lp64_product} {ergonomic}
     bool UseCompressedOops                        = true                                 {lp64_product} {ergonomic}
     bool UseG1GC                                  = true                                      {product} {ergonomic}
     bool UseLargePagesIndividualAllocation        = false                                  {pd product} {ergonomic}

Logging:
Log output configuration:
 #0: stdout all=warning uptime,level,tags
 #1: stderr all=off uptime,level,tags

Environment Variables:
JAVA_HOME=C:\Program Files\Java\jdk-11.0.2
PATH=C:\Program Files\JetBrains\IntelliJ IDEA 2018.3.4\bin;C:\ProgramData\Oracle\Java\javapath;C:\Program Files\Broadcom\Broadcom 802.11;C:\Program Files (x86)\Microsoft DirectX SDK (March 2008)\Utilities\Bin\x86;;C:\Windows\system32;C:\Windows;C:\Windows\System32\Wbem;C:\Windows\System32\WindowsPowerShell\v1.0\;C:\Program Files (x86)\ATI Technologies\ATI.ACE\Core-Static;C:\Program Files (x86)\Windows Kits\8.1\Windows Performance Toolkit\;C:\Program Files\Microsoft SQL Server\110\Tools\Binn\;C:\Program Files (x86)\Common Files\Ulead Systems\MPEG;C:\Program Files (x86)\Skype\Phone\;C:\Program Files\nodejs\;C:\Program Files (x86)\Common Files\Acronis\SnapAPI\;C:\Program Files\Java\jdk-11.0.2\bin;C:\Go\bin;C:\Users\Admin\AppData\Roaming\npm;C:\Users\Admin\go\bin
USERNAME=Admin
OS=Windows_NT
PROCESSOR_IDENTIFIER=AMD64 Family 21 Model 16 Stepping 1, AuthenticAMD



---------------  S Y S T E M  ---------------

OS: Windows 7 , 64 bit Build 7601 (6.1.7601.17932)

CPU:total 4 (initial active 4) (4 cores per cpu, 1 threads per core) family 21 model 16 stepping 1, cmov, cx8, fxsr, mmx, sse, sse2, sse3, ssse3, sse4.1, sse4.2, popcnt, avx, aes, clmul, mmxext, 3dnowpref, lzcnt, sse4a, tsc, tscinvbit, tscinv, bmi1, fma

Memory: 4k page, system-wide physical 5609M (941M free)
TotalPageFile size 11216M (AvailPageFile size 4375M)
current process WorkingSet (physical memory assigned to process): 96M, peak: 96M
current process commit charge ("private bytes"): 222M, peak: 222M

vm_info: Java HotSpot(TM) 64-Bit Server VM (11.0.2+9-LTS) for windows-amd64 JRE (11.0.2+9-LTS), built on Jan 18 2019 05:24:10 by "mach5one" with MS VC++ 15.5 (VS2017)

END.
